#
# There is insufficient memory for the Java Runtime Environment to continue.
# Native memory allocation (mmap) failed to map 100663296 bytes for G1 virtual space
# Possible reasons:
#   The system is out of physical RAM or swap space
#   The process is running with CompressedOops enabled, and the Java Heap may be blocking the growth of the native heap
# Possible solutions:
#   Reduce memory load on the system
#   Increase physical memory or swap space
#   Check if swap backing store is full
#   Decrease Java heap size (-Xmx/-Xms)
#   Decrease number of Java threads
#   Decrease Java thread stack sizes (-Xss)
#   Set larger code cache with -XX:ReservedCodeCacheSize=
#   JVM is running with Unscaled Compressed Oops mode in which the Java heap is
#     placed in the first 4GB address space. The Java Heap base address is the
#     maximum limit for the native heap growth. Please use -XX:HeapBaseMinAddress
#     to set the Java Heap base and to place the Java Heap above 4GB virtual address.
# This output file may be truncated or incomplete.
#
#  Out of Memory Error (os_windows.cpp:3548), pid=3124, tid=21952
#
# JRE version:  (17.0.12+8) (build )
# Java VM: Java HotSpot(TM) 64-Bit Server VM (17.0.12+8-LTS-286, mixed mode, sharing, tiered, compressed oops, compressed class ptrs, g1 gc, windows-amd64)
# No core dump will be written. Minidumps are not enabled by default on client versions of Windows
#

---------------  S U M M A R Y ------------

Command Line: -javaagent:C:\Program Files\JetBrains\IntelliJ IDEA Community Edition 2024.3.4.1\lib\idea_rt.jar=51320 -Dfile.encoding=UTF-8 com.example.demo.DemoApplication

Host: AMD Ryzen 5 3500U with Radeon Vega Mobile Gfx  , 8 cores, 5G,  Windows 11 , 64 bit Build 26100 (10.0.26100.3912)
Time: Sat May 31 18:12:44 2025 SE Asia Standard Time elapsed time: 0.027132 seconds (0d 0h 0m 0s)

---------------  T H R E A D  ---------------

Current thread (0x00000169b86746c0):  JavaThread "Unknown thread" [_thread_in_vm, id=21952, stack(0x00000049aba00000,0x00000049abb00000)]

Stack: [0x00000049aba00000,0x00000049abb00000]
Native frames: (J=compiled Java code, j=interpreted, Vv=VM code, C=native code)
V  [jvm.dll+0x67a04a]
V  [jvm.dll+0x7da4ed]
V  [jvm.dll+0x7dbe33]
V  [jvm.dll+0x7dc4a3]
V  [jvm.dll+0x24508f]
V  [jvm.dll+0x677089]
V  [jvm.dll+0x66bd32]
V  [jvm.dll+0x301fa6]
V  [jvm.dll+0x309546]
V  [jvm.dll+0x359d2e]
V  [jvm.dll+0x359f5f]
V  [jvm.dll+0x2d9078]
V  [jvm.dll+0x2d9fe4]
V  [jvm.dll+0x7aca21]
V  [jvm.dll+0x367591]
V  [jvm.dll+0x78b999]
V  [jvm.dll+0x3ec83f]
V  [jvm.dll+0x3ee471]
C  [jli.dll+0x5297]
C  [ucrtbase.dll+0x37b0]
C  [KERNEL32.DLL+0x2e8d7]
C  [ntdll.dll+0x9c5dc]


---------------  P R O C E S S  ---------------

Threads class SMR info:
_java_thread_list=0x00007ff9ebf47a18, length=0, elements={
}

Java Threads: ( => current thread )

Other Threads:
  0x00000169b86c0760 GCTaskThread "GC Thread#0" [stack: 0x00000049abb00000,0x00000049abc00000] [id=21960]
  0x00000169b633d060 ConcurrentGCThread "G1 Main Marker" [stack: 0x00000049abc00000,0x00000049abd00000] [id=21956]
  0x00000169b633e920 ConcurrentGCThread "G1 Conc#0" [stack: 0x00000049abd00000,0x00000049abe00000] [id=21964]

[error occurred during error reporting (printing all threads), id 0xc0000005, EXCEPTION_ACCESS_VIOLATION (0xc0000005) at pc=0x00007ff9eb779b67]

VM state: not at safepoint (not fully initialized)

VM Mutex/Monitor currently owned by a thread:  ([mutex/lock_event])
[0x00000169b8670f30] Heap_lock - owner thread: 0x00000169b86746c0

Heap address: 0x00000000a1c00000, size: 1508 MB, Compressed Oops mode: 32-bit

CDS archive(s) mapped at: [0x0000000000000000-0x0000000000000000-0x0000000000000000), size 0, SharedBaseAddress: 0x0000000800000000, ArchiveRelocationMode: 1.
Narrow klass base: 0x0000000000000000, Narrow klass shift: 0, Narrow klass range: 0x0

GC Precious Log:
<Empty>

Heap:
 garbage-first heap   total 0K, used 0K [0x00000000a1c00000, 0x0000000100000000)
  region size 1024K, 0 young (0K), 0 survivors (0K)

[error occurred during error reporting (printing heap information), id 0xc0000005, EXCEPTION_ACCESS_VIOLATION (0xc0000005) at pc=0x00007ff9ebb63859]

GC Heap History (0 events):
No events

Deoptimization events (0 events):
No events

Classes unloaded (0 events):
No events

Classes redefined (0 events):
No events

Internal exceptions (0 events):
No events

VM Operations (0 events):
No events

Events (1 events):
Event: 0.020 Loaded shared library C:\Program Files\Java\jdk-17\bin\java.dll


Dynamic libraries:
0x00007ff79d620000 - 0x00007ff79d630000 	C:\Program Files\Java\jdk-17\bin\java.exe
0x00007ffaa2060000 - 0x00007ffaa22c6000 	C:\WINDOWS\SYSTEM32\ntdll.dll
0x00007ffaa1c40000 - 0x00007ffaa1d09000 	C:\WINDOWS\System32\KERNEL32.DLL
0x00007ffa9f790000 - 0x00007ffa9fb5c000 	C:\WINDOWS\System32\KERNELBASE.dll
0x00007ffa9f5a0000 - 0x00007ffa9f6eb000 	C:\WINDOWS\System32\ucrtbase.dll
0x00007ffa902c0000 - 0x00007ffa902db000 	C:\Program Files\Java\jdk-17\bin\VCRUNTIME140.dll
0x00007ffa98a00000 - 0x00007ffa98a19000 	C:\Program Files\Java\jdk-17\bin\jli.dll
0x00007ffaa1300000 - 0x00007ffaa13b2000 	C:\WINDOWS\System32\ADVAPI32.dll
0x00007ffaa1f00000 - 0x00007ffaa1fa9000 	C:\WINDOWS\System32\msvcrt.dll
0x00007ffaa1060000 - 0x00007ffaa1106000 	C:\WINDOWS\System32\sechost.dll
0x00007ffaa1620000 - 0x00007ffaa1736000 	C:\WINDOWS\System32\RPCRT4.dll
0x00007ffaa1930000 - 0x00007ffaa1afa000 	C:\WINDOWS\System32\USER32.dll
0x00007ffa88740000 - 0x00007ffa889da000 	C:\WINDOWS\WinSxS\amd64_microsoft.windows.common-controls_6595b64144ccf1df_6.0.26100.3912_none_3e07963ce335137e\COMCTL32.dll
0x00007ffa9fc20000 - 0x00007ffa9fc47000 	C:\WINDOWS\System32\win32u.dll
0x00007ffa9fe70000 - 0x00007ffa9fe9b000 	C:\WINDOWS\System32\GDI32.dll
0x00007ffa9fc50000 - 0x00007ffa9fd82000 	C:\WINDOWS\System32\gdi32full.dll
0x00007ffa9f370000 - 0x00007ffa9f413000 	C:\WINDOWS\System32\msvcp_win.dll
0x00007ffa95dc0000 - 0x00007ffa95dcb000 	C:\WINDOWS\SYSTEM32\VERSION.dll
0x00007ffaa15e0000 - 0x00007ffaa1610000 	C:\WINDOWS\System32\IMM32.DLL
0x00007ffa989f0000 - 0x00007ffa989fc000 	C:\Program Files\Java\jdk-17\bin\vcruntime140_1.dll
0x00007ffa3c180000 - 0x00007ffa3c20e000 	C:\Program Files\Java\jdk-17\bin\msvcp140.dll
0x00007ff9eb490000 - 0x00007ff9ec070000 	C:\Program Files\Java\jdk-17\bin\server\jvm.dll
0x00007ffaa1920000 - 0x00007ffaa1928000 	C:\WINDOWS\System32\PSAPI.DLL
0x00007ffa95d80000 - 0x00007ffa95db6000 	C:\WINDOWS\SYSTEM32\WINMM.dll
0x00007ffa98670000 - 0x00007ffa9867a000 	C:\WINDOWS\SYSTEM32\WSOCK32.dll
0x00007ffa9fea0000 - 0x00007ffa9ff14000 	C:\WINDOWS\System32\WS2_32.dll
0x00007ffa9df90000 - 0x00007ffa9dfaa000 	C:\WINDOWS\SYSTEM32\kernel.appcore.dll
0x00007ffa98980000 - 0x00007ffa9898a000 	C:\Program Files\Java\jdk-17\bin\jimage.dll
0x00007ffa96130000 - 0x00007ffa96371000 	C:\WINDOWS\SYSTEM32\DBGHELP.DLL
0x00007ffaa0af0000 - 0x00007ffaa0e74000 	C:\WINDOWS\System32\combase.dll
0x00007ffaa1d10000 - 0x00007ffaa1df0000 	C:\WINDOWS\System32\OLEAUT32.dll
0x00007ffa8cfa0000 - 0x00007ffa8cfd9000 	C:\WINDOWS\SYSTEM32\dbgcore.DLL
0x00007ffa9f6f0000 - 0x00007ffa9f789000 	C:\WINDOWS\System32\bcryptPrimitives.dll
0x00007ffa6bed0000 - 0x00007ffa6bede000 	C:\Program Files\Java\jdk-17\bin\instrument.dll
0x00007ffa4cee0000 - 0x00007ffa4cf05000 	C:\Program Files\Java\jdk-17\bin\java.dll

dbghelp: loaded successfully - version: 4.0.5 - missing functions: none
symbol engine: initialized successfully - sym options: 0x614 - pdb path: .;C:\Program Files\Java\jdk-17\bin;C:\WINDOWS\SYSTEM32;C:\WINDOWS\WinSxS\amd64_microsoft.windows.common-controls_6595b64144ccf1df_6.0.26100.3912_none_3e07963ce335137e;C:\Program Files\Java\jdk-17\bin\server

VM Arguments:
jvm_args: -javaagent:C:\Program Files\JetBrains\IntelliJ IDEA Community Edition 2024.3.4.1\lib\idea_rt.jar=51320 -Dfile.encoding=UTF-8 
java_command: com.example.demo.DemoApplication
java_class_path (initial): D:\New folder\Hotell-manager1\target\classes;C:\Users\hiep9\.m2\repository\org\springframework\boot\spring-boot-starter-web\3.4.5\spring-boot-starter-web-3.4.5.jar;C:\Users\hiep9\.m2\repository\org\springframework\boot\spring-boot-starter\3.4.5\spring-boot-starter-3.4.5.jar;C:\Users\hiep9\.m2\repository\org\springframework\boot\spring-boot\3.4.5\spring-boot-3.4.5.jar;C:\Users\hiep9\.m2\repository\org\springframework\boot\spring-boot-autoconfigure\3.4.5\spring-boot-autoconfigure-3.4.5.jar;C:\Users\hiep9\.m2\repository\org\springframework\boot\spring-boot-starter-logging\3.4.5\spring-boot-starter-logging-3.4.5.jar;C:\Users\hiep9\.m2\repository\ch\qos\logback\logback-classic\1.5.18\logback-classic-1.5.18.jar;C:\Users\hiep9\.m2\repository\ch\qos\logback\logback-core\1.5.18\logback-core-1.5.18.jar;C:\Users\hiep9\.m2\repository\org\apache\logging\log4j\log4j-to-slf4j\2.24.3\log4j-to-slf4j-2.24.3.jar;C:\Users\hiep9\.m2\repository\org\apache\logging\log4j\log4j-api\2.24.3\log4j-api-2.24.3.jar;C:\Users\hiep9\.m2\repository\org\slf4j\jul-to-slf4j\2.0.17\jul-to-slf4j-2.0.17.jar;C:\Users\hiep9\.m2\repository\jakarta\annotation\jakarta.annotation-api\2.1.1\jakarta.annotation-api-2.1.1.jar;C:\Users\hiep9\.m2\repository\org\springframework\boot\spring-boot-starter-json\3.4.5\spring-boot-starter-json-3.4.5.jar;C:\Users\hiep9\.m2\repository\com\fasterxml\jackson\datatype\jackson-datatype-jdk8\2.18.3\jackson-datatype-jdk8-2.18.3.jar;C:\Users\hiep9\.m2\repository\com\fasterxml\jackson\datatype\jackson-datatype-jsr310\2.18.3\jackson-datatype-jsr310-2.18.3.jar;C:\Users\hiep9\.m2\repository\com\fasterxml\jackson\module\jackson-module-parameter-names\2.18.3\jackson-module-parameter-names-2.18.3.jar;C:\Users\hiep9\.m2\repository\org\springframework\boot\spring-boot-starter-tomcat\3.4.5\spring-boot-starter-tomcat-3.4.5.jar;C:\Users\hiep9\.m2\repository\org\apache\tomcat\embed\tomcat-embed-core\10.1.40\tomcat-embed-core-10.1.40.jar;C:\Users\hiep9\.m2\repository\o
Launcher Type: SUN_STANDARD

[Global flags]
     intx CICompilerCount                          = 4                                         {product} {ergonomic}
     uint ConcGCThreads                            = 2                                         {product} {ergonomic}
     uint G1ConcRefinementThreads                  = 8                                         {product} {ergonomic}
   size_t G1HeapRegionSize                         = 1048576                                   {product} {ergonomic}
    uintx GCDrainStackTargetSize                   = 64                                        {product} {ergonomic}
   size_t InitialHeapSize                          = 100663296                                 {product} {ergonomic}
   size_t MarkStackSize                            = 4194304                                   {product} {ergonomic}
   size_t MaxHeapSize                              = 1581252608                                {product} {ergonomic}
   size_t MinHeapDeltaBytes                        = 1048576                                   {product} {ergonomic}
   size_t MinHeapSize                              = 8388608                                   {product} {ergonomic}
    uintx NonNMethodCodeHeapSize                   = 5839372                                {pd product} {ergonomic}
    uintx NonProfiledCodeHeapSize                  = 122909434                              {pd product} {ergonomic}
    uintx ProfiledCodeHeapSize                     = 122909434                              {pd product} {ergonomic}
    uintx ReservedCodeCacheSize                    = 251658240                              {pd product} {ergonomic}
     bool SegmentedCodeCache                       = true                                      {product} {ergonomic}
   size_t SoftMaxHeapSize                          = 1581252608                             {manageable} {ergonomic}
     bool UseCompressedClassPointers               = true                           {product lp64_product} {ergonomic}
     bool UseCompressedOops                        = true                           {product lp64_product} {ergonomic}
     bool UseG1GC                                  = true                                      {product} {ergonomic}
     bool UseLargePagesIndividualAllocation        = false                                  {pd product} {ergonomic}

Logging:
Log output configuration:
 #0: stdout all=warning uptime,level,tags
 #1: stderr all=off uptime,level,tags

Environment Variables:
PATH=C:\Program Files\Common Files\Oracle\Java\javapath;C:\WINDOWS\system32;C:\WINDOWS;C:\WINDOWS\System32\Wbem;C:\WINDOWS\System32\WindowsPowerShell\v1.0\;C:\WINDOWS\System32\OpenSSH\;C:\Program Files\Git\cmd;C:\Program Files\nodejs\;C:\apache-maven-3.9.9\bin;C:\Program Files\Java\jdk-17\bin;C:\Program Files\dotnet\;C:\Users\hiep9\AppData\Local\Microsoft\WindowsApps;C:\Users\hiep9\AppData\Local\Programs\Microsoft VS Code\bin;C:\Program Files\JetBrains\IntelliJ IDEA Community Edition 2024.3.4.1\bin;;C:\Users\hiep9\AppData\Roaming\npm;C:\Program Files\Java\jdk-17\bin;C:\Program Files (x86)\WiX Toolset v3.14\bin;
USERNAME=hiep9
OS=Windows_NT
PROCESSOR_IDENTIFIER=AMD64 Family 23 Model 24 Stepping 1, AuthenticAMD



---------------  S Y S T E M  ---------------

OS:
 Windows 11 , 64 bit Build 26100 (10.0.26100.3912)
OS uptime: 0 days 1:43 hours
Hyper-V role detected

CPU: total 8 (initial active 8) (8 cores per cpu, 2 threads per core) family 23 model 24 stepping 1 microcode 0x810810e, cx8, cmov, fxsr, ht, mmx, 3dnowpref, sse, sse2, sse3, ssse3, sse4a, sse4.1, sse4.2, popcnt, lzcnt, tsc, tscinvbit, avx, avx2, aes, clmul, bmi1, bmi2, adx, sha, fma, vzeroupper, clflush, clflushopt, hv

Memory: 4k page, system-wide physical 6030M (918M free)
TotalPageFile size 13553M (AvailPageFile size 73M)
current process WorkingSet (physical memory assigned to process): 12M, peak: 12M
current process commit charge ("private bytes"): 60M, peak: 156M

vm_info: Java HotSpot(TM) 64-Bit Server VM (17.0.12+8-LTS-286) for windows-amd64 JRE (17.0.12+8-LTS-286), built on Jun  5 2024 06:46:59 by "mach5one" with MS VC++ 17.6 (VS2022)

END.
